<?xml version="1.0" encoding="UTF-8"?>
<!-- Generated by org.testng.reporters.JUnitReportReporter -->
<testsuite hostname="Mani" failures="0" tests="5" name="testRunner.Runner" time="80.835" errors="0" timestamp="22 Dec 2023 19:28:24 GMT" skipped="0">
  <testcase classname="testRunner.Runner" name="runScenario" time="10.974"/>
  <testcase classname="testRunner.Runner" name="runScenario" time="20.100"/>
  <testcase classname="testRunner.Runner" name="runScenario" time="11.435"/>
  <testcase classname="testRunner.Runner" name="runScenario" time="19.848"/>
  <testcase classname="testRunner.Runner" name="runScenario" time="18.478"/>
</testsuite> <!-- testRunner.Runner -->
