<?xml version="1.0" encoding="UTF-8"?>
<!-- Generated by org.testng.reporters.JUnitReportReporter -->
<testsuite hostname="Mani" failures="0" tests="2" name="testRunner.loginTestRunner" time="25.568" errors="0" timestamp="23 Dec 2023 00:34:49 GMT" skipped="0">
  <testcase classname="testRunner.loginTestRunner" name="runScenario" time="9.147"/>
  <testcase classname="testRunner.loginTestRunner" name="runScenario" time="16.421"/>
</testsuite> <!-- testRunner.loginTestRunner -->
