<?xml version="1.0" encoding="UTF-8"?>
<!-- Generated by org.testng.reporters.JUnitReportReporter -->
<testsuite hostname="Mani" failures="0" tests="3" name="testRunner.cartTestRunner" time="61.382" errors="0" timestamp="23 Dec 2023 00:34:49 GMT" skipped="0">
  <testcase classname="testRunner.cartTestRunner" name="runScenario" time="24.293"/>
  <testcase classname="testRunner.cartTestRunner" name="runScenario" time="19.116"/>
  <testcase classname="testRunner.cartTestRunner" name="runScenario" time="17.973"/>
</testsuite> <!-- testRunner.cartTestRunner -->
